<?xml version="1.0" encoding="UTF-8"?>
<testng-results ignored="0" total="1" passed="1" failed="0" skipped="0">
  <reporter-output>
  </reporter-output>
  <suite started-at="2024-10-04T08:28:47 IST" name="Default suite" finished-at="2024-10-04T08:28:49 IST" duration-ms="1415">
    <groups>
    </groups>
    <test started-at="2024-10-04T08:28:47 IST" name="Default test" finished-at="2024-10-04T08:28:49 IST" duration-ms="1415">
      <class name="com.qc.testng.tests.LoginTest">
        <test-method is-config="true" signature="doSetup()[pri:0, instance:com.qc.testng.tests.LoginTest@647e447]" started-at="2024-10-04T08:28:43 IST" name="doSetup" finished-at="2024-10-04T08:28:47 IST" duration-ms="4450" status="PASS">
          <reporter-output>
          </reporter-output>
        </test-method> <!-- doSetup -->
        <test-method is-config="true" signature="locateElement()[pri:0, instance:com.qc.testng.tests.LoginTest@647e447]" started-at="2024-10-04T08:28:47 IST" name="locateElement" finished-at="2024-10-04T08:28:47 IST" duration-ms="244" status="PASS">
          <reporter-output>
          </reporter-output>
        </test-method> <!-- locateElement -->
        <test-method signature="doLogin()[pri:0, instance:com.qc.testng.tests.LoginTest@647e447]" started-at="2024-10-04T08:28:47 IST" name="doLogin" finished-at="2024-10-04T08:28:48 IST" duration-ms="395" status="PASS">
          <reporter-output>
          </reporter-output>
        </test-method> <!-- doLogin -->
        <test-method is-config="true" signature="doAssert()[pri:0, instance:com.qc.testng.tests.LoginTest@647e447]" started-at="2024-10-04T08:28:48 IST" name="doAssert" finished-at="2024-10-04T08:28:49 IST" duration-ms="690" status="PASS">
          <reporter-output>
          </reporter-output>
        </test-method> <!-- doAssert -->
        <test-method is-config="true" signature="tearDown()[pri:0, instance:com.qc.testng.tests.LoginTest@647e447]" started-at="2024-10-04T08:28:49 IST" name="tearDown" finished-at="2024-10-04T08:28:49 IST" duration-ms="455" status="PASS">
          <reporter-output>
          </reporter-output>
        </test-method> <!-- tearDown -->
      </class> <!-- com.qc.testng.tests.LoginTest -->
    </test> <!-- Default test -->
  </suite> <!-- Default suite -->
</testng-results>
